  3DFrameBuffer.cpp
  Cascades1Gerendas.cpp
D:\Master\Semester2\ShaderProgramiierung\Gesamt5\Source\Cascades1Gerendas\Cascades1Gerendas.cpp(140,11): warning C4244: '=': conversion from 'double' to 'float', possible loss of data
D:\Master\Semester2\ShaderProgramiierung\Gesamt5\Source\Cascades1Gerendas\Cascades1Gerendas.cpp(141,11): warning C4244: '=': conversion from 'double' to 'float', possible loss of data
D:\Master\Semester2\ShaderProgramiierung\Gesamt5\Source\Cascades1Gerendas\Cascades1Gerendas.cpp(145,16): warning C4244: 'initializing': conversion from 'double' to 'float', possible loss of data
D:\Master\Semester2\ShaderProgramiierung\Gesamt5\Source\Cascades1Gerendas\Cascades1Gerendas.cpp(146,16): warning C4244: 'initializing': conversion from 'double' to 'float', possible loss of data
D:\Master\Semester2\ShaderProgramiierung\Gesamt5\Source\Cascades1Gerendas\Cascades1Gerendas.cpp(148,10): warning C4244: '=': conversion from 'double' to 'float', possible loss of data
D:\Master\Semester2\ShaderProgramiierung\Gesamt5\Source\Cascades1Gerendas\Cascades1Gerendas.cpp(149,10): warning C4244: '=': conversion from 'double' to 'float', possible loss of data
D:\Master\Semester2\ShaderProgramiierung\Gesamt5\Source\Cascades1Gerendas\Cascades1Gerendas.cpp(156,28): warning C4244: 'argument': conversion from 'double' to 'float', possible loss of data
D:\Master\Semester2\ShaderProgramiierung\Gesamt5\Source\Cascades1Gerendas\Cascades1Gerendas.cpp(245,38): warning C4244: 'argument': conversion from 'int' to 'const _Ty', possible loss of data
          with
          [
              _Ty=float
          ]
D:\Master\Semester2\ShaderProgramiierung\Gesamt5\Source\Cascades1Gerendas\Cascades1Gerendas.cpp(246,38): warning C4244: 'argument': conversion from 'int' to 'const _Ty', possible loss of data
          with
          [
              _Ty=float
          ]
D:\Master\Semester2\ShaderProgramiierung\Gesamt5\Source\Cascades1Gerendas\Cascades1Gerendas.cpp(247,38): warning C4244: 'argument': conversion from 'int' to 'const _Ty', possible loss of data
          with
          [
              _Ty=float
          ]
D:\Master\Semester2\ShaderProgramiierung\Gesamt5\Source\Cascades1Gerendas\Cascades1Gerendas.cpp(272,79): warning C4244: 'argument': conversion from 'int' to 'float', possible loss of data
D:\Master\Semester2\ShaderProgramiierung\Gesamt5\Source\Cascades1Gerendas\Cascades1Gerendas.cpp(273,81): warning C4244: 'argument': conversion from 'int' to 'float', possible loss of data
D:\Master\Semester2\ShaderProgramiierung\Gesamt5\Source\Cascades1Gerendas\Cascades1Gerendas.cpp(274,81): warning C4244: 'argument': conversion from 'int' to 'float', possible loss of data
D:\Master\Semester2\ShaderProgramiierung\Gesamt5\Source\Cascades1Gerendas\Cascades1Gerendas.cpp(276,83): warning C4244: 'argument': conversion from 'int' to 'float', possible loss of data
  DepthFrameBuffer.cpp
  Mesh.cpp
D:\Master\Semester2\ShaderProgramiierung\Gesamt5\Source\Cascades1Gerendas\Mesh.cpp(28,96): warning C4305: 'argument': truncation from 'int' to 'GLboolean'
D:\Master\Semester2\ShaderProgramiierung\Gesamt5\Source\Cascades1Gerendas\Mesh.cpp(28,40): warning C4309: 'argument': truncation of constant value
D:\Master\Semester2\ShaderProgramiierung\Gesamt5\Source\Cascades1Gerendas\Mesh.cpp(32,96): warning C4305: 'argument': truncation from 'int' to 'GLboolean'
D:\Master\Semester2\ShaderProgramiierung\Gesamt5\Source\Cascades1Gerendas\Mesh.cpp(32,40): warning C4309: 'argument': truncation of constant value
  MyWindow.cpp
D:\Master\Semester2\ShaderProgramiierung\Gesamt5\Source\Cascades1Gerendas\MyWindow.cpp(53,21): warning C4244: 'initializing': conversion from 'double' to 'float', possible loss of data
D:\Master\Semester2\ShaderProgramiierung\Gesamt5\Source\Cascades1Gerendas\MyWindow.cpp(113,10): warning C4244: 'initializing': conversion from 'double' to 'float', possible loss of data
D:\Master\Semester2\ShaderProgramiierung\Gesamt5\Source\Cascades1Gerendas\MyWindow.cpp(114,10): warning C4244: 'initializing': conversion from 'double' to 'float', possible loss of data
  Object.cpp
  Particles.cpp
D:\Master\Semester2\ShaderProgramiierung\Gesamt5\Source\Cascades1Gerendas\Particles.cpp(71,12): warning C4101: 'vUpload': unreferenced local variable
  Shader.cpp
  Texture.cpp
  Generating Code...
  glad.c
LINK : warning LNK4098: defaultlib 'MSVCRT' conflicts with use of other libs; use /NODEFAULTLIB:library
  Cascades1Gerendas.vcxproj -> D:\Master\Semester2\ShaderProgramiierung\Gesamt5\Source\x64\Debug\Cascades1Gerendas.exe
